2013-03-26 23:03:38,302 - [INFO] - from play in main 
Listening for HTTP on port 9000...

2013-03-26 23:04:01,093 - [INFO] - from play in play-akka.actor.default-dispatcher-3 
database [default] connected at jdbc:h2:db/essensplan-db

2013-03-26 23:04:01,436 - [INFO] - from play in play-akka.actor.default-dispatcher-3 
Application started (Dev)

2013-03-26 23:06:44,134 - [INFO] - from play in play-akka.actor.default-dispatcher-3 
database [default] connected at jdbc:h2:db/essensplan-db

2013-03-26 23:06:44,171 - [INFO] - from play in play-akka.actor.default-dispatcher-3 
Application started (Dev)

2013-03-26 23:07:06,134 - [INFO] - from play in play-akka.actor.default-dispatcher-3 
database [default] connected at jdbc:h2:db/essensplan-db

2013-03-26 23:07:06,158 - [INFO] - from play in play-akka.actor.default-dispatcher-3 
Application started (Dev)

2013-03-26 23:07:34,136 - [INFO] - from play in play-akka.actor.default-dispatcher-6 
database [default] connected at jdbc:h2:db/essensplan-db

2013-03-26 23:07:34,191 - [INFO] - from play in play-akka.actor.default-dispatcher-6 
Application started (Dev)

2013-03-26 23:08:52,215 - [INFO] - from play in play-akka.actor.default-dispatcher-9 
database [default] connected at jdbc:h2:db/essensplan-db

2013-03-26 23:08:52,242 - [INFO] - from play in play-akka.actor.default-dispatcher-9 
Application started (Dev)

2013-03-26 23:08:52,396 - [ERROR] - from application in play-akka.actor.actions-dispatcher-1 


! @6dmdjbp5c - Internal server error, for request [GET /meals/shoppingList/26.03.2013/01.04.2013?] ->

play.core.ActionInvoker$$anonfun$receive$1$$anon$1: Execution exception [[ParseException: Unparseable date: "26.03.2013"]]
	at play.core.ActionInvoker$$anonfun$receive$1.apply(Invoker.scala:134) [play_2.9.1.jar:2.0.4]
	at play.core.ActionInvoker$$anonfun$receive$1.apply(Invoker.scala:115) [play_2.9.1.jar:2.0.4]
	at akka.actor.Actor$class.apply(Actor.scala:318) [akka-actor.jar:2.0.2]
	at play.core.ActionInvoker.apply(Invoker.scala:113) [play_2.9.1.jar:2.0.4]
	at akka.actor.ActorCell.invoke(ActorCell.scala:626) [akka-actor.jar:2.0.2]
	at akka.dispatch.Mailbox.processMailbox(Mailbox.scala:197) [akka-actor.jar:2.0.2]
	at akka.dispatch.Mailbox.run(Mailbox.scala:179) [akka-actor.jar:2.0.2]
	at akka.dispatch.ForkJoinExecutorConfigurator$MailboxExecutionTask.exec(AbstractDispatcher.scala:516) [akka-actor.jar:2.0.2]
	at akka.jsr166y.ForkJoinTask.doExec(ForkJoinTask.java:259) [akka-actor.jar:2.0.2]
	at akka.jsr166y.ForkJoinPool$WorkQueue.runTask(ForkJoinPool.java:975) [akka-actor.jar:2.0.2]
	at akka.jsr166y.ForkJoinPool.runWorker(ForkJoinPool.java:1479) [akka-actor.jar:2.0.2]
	at akka.jsr166y.ForkJoinWorkerThread.run(ForkJoinWorkerThread.java:104) [akka-actor.jar:2.0.2]
Caused by: java.text.ParseException: Unparseable date: "26.03.2013"
	at java.text.DateFormat.parse(Unknown Source) ~[na:1.7.0_11]
	at controllers.Application$$anonfun$mealShoppingList$1.apply(Application.scala:310) ~[classes/:2.0.4]
	at controllers.Application$$anonfun$mealShoppingList$1.apply(Application.scala:308) ~[classes/:2.0.4]
	at controllers.Application$$anonfun$Authenticated$1.apply(Application.scala:548) ~[classes/:2.0.4]
	at controllers.Application$$anonfun$Authenticated$1.apply(Application.scala:544) ~[classes/:2.0.4]
	at play.api.mvc.Action$$anon$1.apply(Action.scala:170) ~[play_2.9.1.jar:2.0.4]
	at play.core.ActionInvoker$$anonfun$receive$1$$anonfun$6.apply(Invoker.scala:126) ~[play_2.9.1.jar:2.0.4]
	at play.core.ActionInvoker$$anonfun$receive$1$$anonfun$6.apply(Invoker.scala:126) ~[play_2.9.1.jar:2.0.4]
	at play.utils.Threads$.withContextClassLoader(Threads.scala:17) ~[play_2.9.1.jar:2.0.4]
	at play.core.ActionInvoker$$anonfun$receive$1.apply(Invoker.scala:125) [play_2.9.1.jar:2.0.4]
	... 11 common frames omitted

2013-03-26 23:10:04,727 - [INFO] - from play in play-akka.actor.default-dispatcher-10 
database [default] connected at jdbc:h2:db/essensplan-db

2013-03-26 23:10:04,754 - [INFO] - from play in play-akka.actor.default-dispatcher-10 
Application started (Dev)

2013-03-26 23:10:19,290 - [ERROR] - from application in play-akka.actor.actions-dispatcher-1 


! @6dmdjbp5d - Internal server error, for request [GET /meals/shoppingList/26.03.2013/01.04.2013?] ->

play.core.ActionInvoker$$anonfun$receive$1$$anon$1: Execution exception [[ParseException: Unparseable date: "26.03.2013"]]
	at play.core.ActionInvoker$$anonfun$receive$1.apply(Invoker.scala:134) [play_2.9.1.jar:2.0.4]
	at play.core.ActionInvoker$$anonfun$receive$1.apply(Invoker.scala:115) [play_2.9.1.jar:2.0.4]
	at akka.actor.Actor$class.apply(Actor.scala:318) [akka-actor.jar:2.0.2]
	at play.core.ActionInvoker.apply(Invoker.scala:113) [play_2.9.1.jar:2.0.4]
	at akka.actor.ActorCell.invoke(ActorCell.scala:626) [akka-actor.jar:2.0.2]
	at akka.dispatch.Mailbox.processMailbox(Mailbox.scala:197) [akka-actor.jar:2.0.2]
	at akka.dispatch.Mailbox.run(Mailbox.scala:179) [akka-actor.jar:2.0.2]
	at akka.dispatch.ForkJoinExecutorConfigurator$MailboxExecutionTask.exec(AbstractDispatcher.scala:516) [akka-actor.jar:2.0.2]
	at akka.jsr166y.ForkJoinTask.doExec(ForkJoinTask.java:259) [akka-actor.jar:2.0.2]
	at akka.jsr166y.ForkJoinPool$WorkQueue.runTask(ForkJoinPool.java:975) [akka-actor.jar:2.0.2]
	at akka.jsr166y.ForkJoinPool.runWorker(ForkJoinPool.java:1479) [akka-actor.jar:2.0.2]
	at akka.jsr166y.ForkJoinWorkerThread.run(ForkJoinWorkerThread.java:104) [akka-actor.jar:2.0.2]
Caused by: java.text.ParseException: Unparseable date: "26.03.2013"
	at java.text.DateFormat.parse(Unknown Source) ~[na:1.7.0_11]
	at controllers.Application$$anonfun$mealShoppingList$1.apply(Application.scala:310) ~[classes/:2.0.4]
	at controllers.Application$$anonfun$mealShoppingList$1.apply(Application.scala:308) ~[classes/:2.0.4]
	at controllers.Application$$anonfun$Authenticated$1.apply(Application.scala:548) ~[classes/:2.0.4]
	at controllers.Application$$anonfun$Authenticated$1.apply(Application.scala:544) ~[classes/:2.0.4]
	at play.api.mvc.Action$$anon$1.apply(Action.scala:170) ~[play_2.9.1.jar:2.0.4]
	at play.core.ActionInvoker$$anonfun$receive$1$$anonfun$6.apply(Invoker.scala:126) ~[play_2.9.1.jar:2.0.4]
	at play.core.ActionInvoker$$anonfun$receive$1$$anonfun$6.apply(Invoker.scala:126) ~[play_2.9.1.jar:2.0.4]
	at play.utils.Threads$.withContextClassLoader(Threads.scala:17) ~[play_2.9.1.jar:2.0.4]
	at play.core.ActionInvoker$$anonfun$receive$1.apply(Invoker.scala:125) [play_2.9.1.jar:2.0.4]
	... 11 common frames omitted

2013-03-26 23:10:54,094 - [INFO] - from play in play-akka.actor.default-dispatcher-10 
database [default] connected at jdbc:h2:db/essensplan-db

2013-03-26 23:10:54,108 - [INFO] - from play in play-akka.actor.default-dispatcher-10 
Application started (Dev)

